0 verbose cli C:\Users\Hamza Zafar\AppData\Local\Programs\runjs\RunJS.exe C:\Users\Hamza Zafar\AppData\Local\Programs\runjs\resources\app.asar.unpacked\node_modules\npm\bin\npm-cli.js
1 info using npm@10.8.2
2 info using node@v20.15.1
3 silly config load:file:C:\Users\Hamza Zafar\AppData\Local\Programs\runjs\resources\app.asar.unpacked\node_modules\npm\npmrc
4 silly config load:file:C:\Users\Hamza Zafar\.npmrc
5 silly config load:file:C:\Users\Hamza Zafar\AppData\Local\Programs\runjs\etc\npmrc
6 verbose title npm init
7 verbose argv "init" "--yes"
8 verbose logfile logs-max:10 dir:C:\Users\Hamza Zafar\npm-cache\_logs\2024-10-07T11_43_17_513Z-
9 verbose logfile C:\Users\Hamza Zafar\npm-cache\_logs\2024-10-07T11_43_17_513Z-debug-0.log
10 silly logfile done cleaning log files
11 silly package data {
11 silly package data   name: 'runjs',
11 silly package data   version: '1.0.0',
11 silly package data   main: '8f5ce266-f002-448b-8cc7-01ba8d1d53f4.js',
11 silly package data   scripts: { test: 'echo "Error: no test specified" && exit 1' },
11 silly package data   keywords: [],
11 silly package data   author: '',
11 silly package data   license: 'ISC',
11 silly package data   description: ''
11 silly package data }
12 verbose cwd C:\Users\Hamza Zafar\AppData\Roaming\runjs
13 verbose os Windows_NT 10.0.19045
14 verbose node v20.15.1
15 verbose npm  v10.8.2
16 verbose exit 0
17 info ok
